{"/opt/projects/nodejs-express-typescript/src/controllers/user.ts": {"path":"/opt/projects/nodejs-express-typescript/src/controllers/user.ts","statementMap":{"0":{"start":{"line":1,"column":0},"end":{"line":1,"column":null}},"1":{"start":{"line":15,"column":15},"end":{"line":49,"column":null}},"2":{"start":{"line":18,"column":4},"end":{"line":20,"column":6}},"3":{"start":{"line":27,"column":4},"end":{"line":27,"column":54}},"4":{"start":{"line":28,"column":4},"end":{"line":34,"column":5}},"5":{"start":{"line":29,"column":6},"end":{"line":29,"column":26}},"6":{"start":{"line":30,"column":6},"end":{"line":30,"column":18}},"7":{"start":{"line":32,"column":6},"end":{"line":32,"column":26}},"8":{"start":{"line":33,"column":6},"end":{"line":33,"column":22}},"9":{"start":{"line":40,"column":4},"end":{"line":40,"column":60}},"10":{"start":{"line":41,"column":4},"end":{"line":47,"column":5}},"11":{"start":{"line":42,"column":6},"end":{"line":42,"column":26}},"12":{"start":{"line":43,"column":6},"end":{"line":43,"column":18}},"13":{"start":{"line":45,"column":6},"end":{"line":45,"column":26}},"14":{"start":{"line":46,"column":6},"end":{"line":46,"column":22}},"15":{"start":{"line":17,"column":15},"end":{"line":21,"column":null}},"16":{"start":{"line":25,"column":15},"end":{"line":35,"column":null}},"17":{"start":{"line":38,"column":15},"end":{"line":48,"column":null}},"18":{"start":{"line":15,"column":21},"end":{"line":49,"column":null}},"19":{"start":{"line":15,"column":21},"end":{"line":15,"column":36}}},"fnMap":{"0":{"name":"(anonymous_11)","decl":{"start":{"line":17,"column":15},"end":{"line":17,"column":25}},"loc":{"start":{"line":17,"column":25},"end":{"line":21,"column":null}}},"1":{"name":"(anonymous_13)","decl":{"start":{"line":25,"column":15},"end":{"line":25,"column":20}},"loc":{"start":{"line":26,"column":28},"end":{"line":35,"column":null}}},"2":{"name":"(anonymous_15)","decl":{"start":{"line":38,"column":15},"end":{"line":38,"column":23}},"loc":{"start":{"line":39,"column":28},"end":{"line":48,"column":null}}}},"branchMap":{"0":{"loc":{"start":{"line":28,"column":4},"end":{"line":34,"column":5}},"type":"if","locations":[{"start":{"line":28,"column":4},"end":{"line":34,"column":5}},{"start":{"line":31,"column":11},"end":{"line":34,"column":5}}]},"1":{"loc":{"start":{"line":28,"column":8},"end":{"line":28,"column":29}},"type":"binary-expr","locations":[{"start":{"line":28,"column":9},"end":{"line":28,"column":14}},{"start":{"line":28,"column":20},"end":{"line":28,"column":28}}]},"2":{"loc":{"start":{"line":41,"column":4},"end":{"line":47,"column":5}},"type":"if","locations":[{"start":{"line":41,"column":4},"end":{"line":47,"column":5}},{"start":{"line":44,"column":11},"end":{"line":47,"column":5}}]},"3":{"loc":{"start":{"line":41,"column":8},"end":{"line":41,"column":29}},"type":"binary-expr","locations":[{"start":{"line":41,"column":9},"end":{"line":41,"column":14}},{"start":{"line":41,"column":20},"end":{"line":41,"column":28}}]}},"s":{"0":1,"1":1,"2":1,"3":2,"4":2,"5":1,"6":1,"7":1,"8":1,"9":2,"10":2,"11":1,"12":1,"13":1,"14":1,"15":1,"16":1,"17":1,"18":1,"19":1},"f":{"0":1,"1":2,"2":2},"b":{"0":[1,1],"1":[2,2],"2":[1,1],"3":[2,2]}}
}
